[2022-02-24T15:01:11.811Z] Validating found git in: git
[2022-02-24T15:01:12.012Z] Using git 2.25.1 from git
[2022-02-24T15:01:12.106Z] > git rev-parse --git-dir [12ms]
[2022-02-24T15:01:12.111Z] Open repository: /home/kylelamberton1/duo-task
[2022-02-24T15:01:12.136Z] > git symbolic-ref --short HEAD [8ms]
[2022-02-24T15:01:12.146Z] > git for-each-ref --format=%(refname)%00%(upstream:short)%00%(objectname)%00%(upstream:track) refs/heads/master refs/remotes/master [6ms]
[2022-02-24T15:01:12.155Z] > git for-each-ref --sort -committerdate --format %(refname) %(objectname) %(*objectname) [5ms]
[2022-02-24T15:01:12.160Z] > git remote --verbose [6ms]
[2022-02-24T15:01:12.194Z] > git config --get commit.template [7ms]
[2022-02-24T15:01:12.512Z] > git ls-files --stage -- /home/kylelamberton1/duo-task/Dockerfile [10ms]
[2022-02-24T15:01:12.529Z] > git cat-file -s 59183c098286c1abf3bb57bd9f2f454426647482 [4ms]
[2022-02-24T15:01:32.030Z] > git rev-parse --git-dir [1ms]
[2022-02-24T15:01:32.032Z] Open repository: /home/kylelamberton1/multi-stage-build-exercise
[2022-02-24T15:01:32.045Z] > git symbolic-ref --short HEAD [2ms]
[2022-02-24T15:01:32.050Z] > git for-each-ref --format=%(refname)%00%(upstream:short)%00%(objectname)%00%(upstream:track) refs/heads/master refs/remotes/master [2ms]
[2022-02-24T15:01:32.058Z] > git for-each-ref --sort -committerdate --format %(refname) %(objectname) %(*objectname) [5ms]
[2022-02-24T15:01:32.060Z] > git remote --verbose [3ms]
[2022-02-24T15:01:32.066Z] > git config --get commit.template [1ms]
[2022-02-24T15:03:03.534Z] > git ls-files --stage -- /home/kylelamberton1/duo-task/app.py [3ms]
[2022-02-24T15:03:03.539Z] > git cat-file -s 7461eb811c5bcb54fc66fee5e86b1bd554c4dd5f [2ms]
[2022-02-24T15:03:04.608Z] > git ls-files --stage -- /home/kylelamberton1/duo-task/requirements.txt [24ms]
[2022-02-24T15:03:04.625Z] > git cat-file -s 7deaf3b366b1d168e3d9b5f5b4a00b5e618e14f5 [5ms]
[2022-02-24T15:03:59.188Z] > git symbolic-ref --short HEAD [2ms]
[2022-02-24T15:03:59.193Z] > git for-each-ref --format=%(refname)%00%(upstream:short)%00%(objectname)%00%(upstream:track) refs/heads/master refs/remotes/master [2ms]
[2022-02-24T15:03:59.200Z] > git for-each-ref --sort -committerdate --format %(refname) %(objectname) %(*objectname) [4ms]
[2022-02-24T15:03:59.203Z] > git remote --verbose [3ms]
[2022-02-24T15:03:59.210Z] > git config --get commit.template [2ms]
[2022-02-24T15:04:26.084Z] > git ls-files --stage -- /home/kylelamberton1/multi-stage-build-exercise/Dockerfile [2ms]
[2022-02-24T15:05:00.687Z] > git symbolic-ref --short HEAD [1ms]
[2022-02-24T15:05:00.692Z] > git for-each-ref --format=%(refname)%00%(upstream:short)%00%(objectname)%00%(upstream:track) refs/heads/master refs/remotes/master [1ms]
[2022-02-24T15:05:00.700Z] > git for-each-ref --sort -committerdate --format %(refname) %(objectname) %(*objectname) [5ms]
[2022-02-24T15:05:00.702Z] > git remote --verbose [3ms]
[2022-02-24T15:05:00.708Z] > git config --get commit.template [1ms]
[2022-02-24T15:08:11.699Z] > git ls-files --stage -- /home/kylelamberton1/multi-stage-build-exercise/src/main/java/com/example/helloworld/HelloWorldApplication.java [4ms]
[2022-02-24T15:08:11.704Z] > git cat-file -s 24b7b454afdfee0239067b1120a6302b7c1b510f [2ms]
[2022-02-24T15:08:39.466Z] > git ls-files --stage -- /home/kylelamberton1/multi-stage-build-exercise/Dockerfile [4ms]
[2022-02-24T15:32:59.498Z] > git ls-files --stage -- /home/kylelamberton1/multi-stage-build-exercise/Dockerfile [3ms]
[2022-02-24T16:03:44.674Z] > git ls-files --stage -- /home/kylelamberton1/duo-task/Dockerfile [3ms]
[2022-02-24T16:03:44.680Z] > git cat-file -s 59183c098286c1abf3bb57bd9f2f454426647482 [1ms]
[2022-02-24T16:13:25.519Z] > git symbolic-ref --short HEAD [2ms]
[2022-02-24T16:13:25.524Z] > git for-each-ref --format=%(refname)%00%(upstream:short)%00%(objectname)%00%(upstream:track) refs/heads/master refs/remotes/master [2ms]
[2022-02-24T16:13:25.533Z] > git for-each-ref --sort -committerdate --format %(refname) %(objectname) %(*objectname) [6ms]
[2022-02-24T16:13:25.534Z] > git remote --verbose [3ms]
[2022-02-24T16:13:25.543Z] > git config --get commit.template [2ms]
[2022-02-24T16:14:01.349Z] > git symbolic-ref --short HEAD [2ms]
[2022-02-24T16:14:01.353Z] > git for-each-ref --format=%(refname)%00%(upstream:short)%00%(objectname)%00%(upstream:track) refs/heads/master refs/remotes/master [1ms]
[2022-02-24T16:14:01.361Z] > git for-each-ref --sort -committerdate --format %(refname) %(objectname) %(*objectname) [4ms]
[2022-02-24T16:14:01.362Z] > git remote --verbose [2ms]
[2022-02-24T16:14:01.369Z] > git config --get commit.template [2ms]
[2022-02-24T16:14:14.630Z] > git ls-files --stage -- /home/kylelamberton1/multi-stage-build-exercise/bind_mounts_exercise/nginx.conf [7ms]
[2022-02-24T16:15:18.868Z] > git symbolic-ref --short HEAD [5ms]
[2022-02-24T16:15:18.873Z] > git for-each-ref --format=%(refname)%00%(upstream:short)%00%(objectname)%00%(upstream:track) refs/heads/master refs/remotes/master [2ms]
[2022-02-24T16:15:18.880Z] > git for-each-ref --sort -committerdate --format %(refname) %(objectname) %(*objectname) [5ms]
[2022-02-24T16:15:18.881Z] > git remote --verbose [2ms]
[2022-02-24T16:15:18.887Z] > git config --get commit.template [1ms]
