[2022-03-01 13:00:00.952] [exthost] [info] Extension host with pid 24773 started
[2022-03-01 13:00:00.966] [exthost] [info] Lock '/home/kylelamberton1/.vscode-server/data/User/workspaceStorage/0ae0d497164512835d7cb615c39a8805/vscode.lock': Lock acquired.
[2022-03-01 13:00:01.040] [exthost] [info] ExtensionService#_doActivateExtension vscode.debug-auto-launch, startup: true, activationEvent: '*'
[2022-03-01 13:00:01.051] [exthost] [info] ExtensionService#_doActivateExtension vscode.git-base, startup: true, activationEvent: '*', root cause: vscode.github
[2022-03-01 13:00:01.098] [exthost] [info] ExtensionService#_doActivateExtension vscode.git, startup: true, activationEvent: '*'
[2022-03-01 13:00:01.169] [exthost] [info] ExtensionService#_doActivateExtension vscode.github, startup: true, activationEvent: '*'
[2022-03-01 13:00:01.410] [exthost] [info] ExtensionService#_doActivateExtension vscode.emmet, startup: false, activationEvent: 'onStartupFinished'
[2022-03-01 13:00:01.437] [exthost] [info] ExtensionService#_doActivateExtension vscode.merge-conflict, startup: false, activationEvent: 'onStartupFinished'
[2022-03-01 13:00:01.444] [exthost] [info] Eager extensions activated
[2022-03-01 13:02:13.031] [exthost] [info] ExtensionService#_doActivateExtension ms-azuretools.vscode-docker, startup: false, activationEvent: 'onLanguage:dockercompose'
[2022-03-01 14:20:15.118] [exthost] [info] ExtensionService#_doActivateExtension vscode.extension-editing, startup: false, activationEvent: 'onLanguage:markdown'
[2022-03-01 14:20:15.152] [exthost] [info] ExtensionService#_doActivateExtension vscode.markdown-language-features, startup: false, activationEvent: 'onLanguage:markdown'
[2022-03-01 14:20:15.608] [exthost] [info] ExtensionService#_doActivateExtension vscode.markdown-math, startup: false, activationEvent: 'api', root cause: vscode.markdown-language-features
[2022-03-01 14:21:37.083] [exthost] [error] Error: spawn git ENOENT
	at Process.ChildProcess._handle.onexit (internal/child_process.js:269:19)
	at onErrorNT (internal/child_process.js:465:16)
	at processTicksAndRejections (internal/process/task_queues.js:80:21)
[2022-03-01 14:21:37.083] [exthost] [error] Error: spawn git ENOENT
	at Process.ChildProcess._handle.onexit (internal/child_process.js:269:19)
	at onErrorNT (internal/child_process.js:465:16)
	at processTicksAndRejections (internal/process/task_queues.js:80:21)
[2022-03-01 14:21:37.083] [exthost] [error] Error: spawn git ENOENT
	at Process.ChildProcess._handle.onexit (internal/child_process.js:269:19)
	at onErrorNT (internal/child_process.js:465:16)
	at processTicksAndRejections (internal/process/task_queues.js:80:21)
[2022-03-01 14:21:37.083] [exthost] [error] Error: spawn git ENOENT
	at Process.ChildProcess._handle.onexit (internal/child_process.js:269:19)
	at onErrorNT (internal/child_process.js:465:16)
	at processTicksAndRejections (internal/process/task_queues.js:80:21)
[2022-03-01 14:21:37.083] [exthost] [error] Error: spawn git ENOENT
	at Process.ChildProcess._handle.onexit (internal/child_process.js:269:19)
	at onErrorNT (internal/child_process.js:465:16)
	at processTicksAndRejections (internal/process/task_queues.js:80:21)
[2022-03-01 14:21:37.083] [exthost] [error] Error: spawn git ENOENT
	at Process.ChildProcess._handle.onexit (internal/child_process.js:269:19)
	at onErrorNT (internal/child_process.js:465:16)
	at processTicksAndRejections (internal/process/task_queues.js:80:21)
[2022-03-01 14:21:37.083] [exthost] [error] Error: spawn git ENOENT
	at Process.ChildProcess._handle.onexit (internal/child_process.js:269:19)
	at onErrorNT (internal/child_process.js:465:16)
	at processTicksAndRejections (internal/process/task_queues.js:80:21)
[2022-03-01 14:21:37.083] [exthost] [error] Error: spawn git ENOENT
	at Process.ChildProcess._handle.onexit (internal/child_process.js:269:19)
	at onErrorNT (internal/child_process.js:465:16)
	at processTicksAndRejections (internal/process/task_queues.js:80:21)
[2022-03-01 14:21:37.083] [exthost] [error] Error: spawn git ENOENT
	at Process.ChildProcess._handle.onexit (internal/child_process.js:269:19)
	at onErrorNT (internal/child_process.js:465:16)
	at processTicksAndRejections (internal/process/task_queues.js:80:21)
[2022-03-01 14:21:37.083] [exthost] [error] Error: spawn git ENOENT
	at Process.ChildProcess._handle.onexit (internal/child_process.js:269:19)
	at onErrorNT (internal/child_process.js:465:16)
	at processTicksAndRejections (internal/process/task_queues.js:80:21)
[2022-03-01 18:13:47.837] [exthost] [info] extension host terminating: received terminate message from renderer
[2022-03-01 18:13:47.840] [exthost] [info] Lock '/home/kylelamberton1/.vscode-server/data/User/workspaceStorage/0ae0d497164512835d7cb615c39a8805/vscode.lock': Marking the lockfile as scheduled to be released in 6000 ms.
[2022-03-01 18:13:47.859] [exthost] [info] Extension host with pid 24773 exiting with code 0
