[2022-02-24T12:01:12.584Z] Validating found git in: git
[2022-02-24T12:01:12.639Z] Using git 2.25.1 from git
[2022-02-24T12:01:12.768Z] > git rev-parse --git-dir [1ms]
[2022-02-24T12:01:12.774Z] Open repository: /home/kylelamberton1/duo-task
[2022-02-24T12:01:12.799Z] > git symbolic-ref --short HEAD [4ms]
[2022-02-24T12:01:12.804Z] > git for-each-ref --format=%(refname)%00%(upstream:short)%00%(objectname)%00%(upstream:track) refs/heads/master refs/remotes/master [2ms]
[2022-02-24T12:01:12.812Z] > git for-each-ref --sort -committerdate --format %(refname) %(objectname) %(*objectname) [5ms]
[2022-02-24T12:01:12.814Z] > git remote --verbose [3ms]
[2022-02-24T12:01:12.821Z] > git config --get commit.template [2ms]
[2022-02-24T12:02:54.441Z] > git clone git@gitlab.com:qacdevops/duo-task.git /home/kylelamberton1/duo-task-1 --progress [306ms]
[2022-02-24T12:02:54.441Z] Cloning into '/home/kylelamberton1/duo-task-1'...
Host key verification failed.
fatal: Could not read from remote repository.

Please make sure you have the correct access rights
and the repository exists.
[2022-02-24T12:03:25.833Z] > git clone https://gitlab.com/qacdevops/duo-task.git /home/kylelamberton1/duo-task-1 --progress [583ms]
[2022-02-24T12:03:25.833Z] Cloning into '/home/kylelamberton1/duo-task-1'...
remote: Enumerating objects: 38, done.        
remote: Total 38 (delta 0), reused 0 (delta 0), pack-reused 38        
[2022-02-24T12:03:26.429Z] > git rev-parse --git-dir [1ms]
[2022-02-24T12:03:26.431Z] Open repository: /home/kylelamberton1/duo-task-1
[2022-02-24T12:03:26.444Z] > git symbolic-ref --short HEAD [3ms]
[2022-02-24T12:03:26.448Z] > git for-each-ref --format=%(refname)%00%(upstream:short)%00%(objectname)%00%(upstream:track) refs/heads/master refs/remotes/master [2ms]
[2022-02-24T12:03:26.462Z] > git for-each-ref --sort -committerdate --format %(refname) %(objectname) %(*objectname) [11ms]
[2022-02-24T12:03:26.466Z] > git remote --verbose [4ms]
[2022-02-24T12:03:26.477Z] > git config --get commit.template [5ms]
[2022-02-24T12:03:39.469Z] > git ls-files --stage -- /home/kylelamberton1/duo-task-1/app.py [4ms]
[2022-02-24T12:03:39.474Z] > git cat-file -s 7461eb811c5bcb54fc66fee5e86b1bd554c4dd5f [2ms]
[2022-02-24T12:03:42.582Z] > git ls-files --stage -- /home/kylelamberton1/duo-task-1/Dockerfile [3ms]
[2022-02-24T12:03:42.587Z] > git cat-file -s 59183c098286c1abf3bb57bd9f2f454426647482 [1ms]
[2022-02-24T12:04:19.745Z] > git ls-files --stage -- /home/kylelamberton1/duo-task-1/Dockerfile [2ms]
[2022-02-24T12:04:19.749Z] > git cat-file -s 59183c098286c1abf3bb57bd9f2f454426647482 [2ms]
[2022-02-24T12:04:23.417Z] > git ls-files --stage -- /home/kylelamberton1/duo-task-1/Dockerfile [2ms]
[2022-02-24T12:04:23.422Z] > git cat-file -s 59183c098286c1abf3bb57bd9f2f454426647482 [2ms]
[2022-02-24T12:04:40.029Z] > git ls-files --stage -- /home/kylelamberton1/duo-task-1/Dockerfile [2ms]
[2022-02-24T12:04:40.033Z] > git cat-file -s 59183c098286c1abf3bb57bd9f2f454426647482 [1ms]
[2022-02-24T12:04:51.540Z] > git ls-files --stage -- /home/kylelamberton1/duo-task-1/Dockerfile [3ms]
[2022-02-24T12:04:51.544Z] > git cat-file -s 59183c098286c1abf3bb57bd9f2f454426647482 [1ms]
[2022-02-24T12:06:04.295Z] > git ls-files --stage -- /home/kylelamberton1/duo-task-1/Dockerfile [7ms]
[2022-02-24T12:06:04.299Z] > git cat-file -s 59183c098286c1abf3bb57bd9f2f454426647482 [2ms]
[2022-02-24T12:06:10.519Z] > git ls-files --stage -- /home/kylelamberton1/duo-task-1/Dockerfile [3ms]
[2022-02-24T12:06:10.524Z] > git cat-file -s 59183c098286c1abf3bb57bd9f2f454426647482 [2ms]
[2022-02-24T12:06:12.086Z] > git ls-files --stage -- /home/kylelamberton1/duo-task-1/app.py [3ms]
[2022-02-24T12:06:12.090Z] > git cat-file -s 7461eb811c5bcb54fc66fee5e86b1bd554c4dd5f [1ms]
[2022-02-24T12:06:28.695Z] > git ls-files --stage -- /home/kylelamberton1/duo-task-1/Dockerfile [9ms]
[2022-02-24T12:06:28.700Z] > git cat-file -s 59183c098286c1abf3bb57bd9f2f454426647482 [2ms]
[2022-02-24T12:06:31.426Z] > git ls-files --stage -- /home/kylelamberton1/duo-task-1/app.py [2ms]
[2022-02-24T12:06:31.431Z] > git cat-file -s 7461eb811c5bcb54fc66fee5e86b1bd554c4dd5f [2ms]
[2022-02-24T12:06:33.366Z] > git ls-files --stage -- /home/kylelamberton1/duo-task-1/Dockerfile [2ms]
[2022-02-24T12:06:33.371Z] > git cat-file -s 59183c098286c1abf3bb57bd9f2f454426647482 [2ms]
[2022-02-24T12:06:53.535Z] > git ls-files --stage -- /home/kylelamberton1/duo-task/app.py [3ms]
[2022-02-24T12:06:53.539Z] > git cat-file -s 7461eb811c5bcb54fc66fee5e86b1bd554c4dd5f [1ms]
[2022-02-24T12:06:59.478Z] > git ls-files --stage -- /home/kylelamberton1/duo-task-1/app.py [2ms]
[2022-02-24T12:06:59.483Z] > git cat-file -s 7461eb811c5bcb54fc66fee5e86b1bd554c4dd5f [1ms]
[2022-02-24T12:07:09.590Z] > git ls-files --stage -- /home/kylelamberton1/duo-task-1/Dockerfile [2ms]
[2022-02-24T12:07:09.595Z] > git cat-file -s 59183c098286c1abf3bb57bd9f2f454426647482 [2ms]
[2022-02-24T12:07:18.271Z] > git ls-files --stage -- /home/kylelamberton1/duo-task-1/app.py [3ms]
[2022-02-24T12:07:18.276Z] > git cat-file -s 7461eb811c5bcb54fc66fee5e86b1bd554c4dd5f [2ms]
[2022-02-24T12:07:51.659Z] > git ls-files --stage -- /home/kylelamberton1/duo-task-1/app.py [4ms]
[2022-02-24T12:07:51.663Z] > git cat-file -s 7461eb811c5bcb54fc66fee5e86b1bd554c4dd5f [1ms]
[2022-02-24T12:07:52.964Z] > git ls-files --stage -- /home/kylelamberton1/duo-task-1/Dockerfile [3ms]
[2022-02-24T12:07:52.968Z] > git cat-file -s 59183c098286c1abf3bb57bd9f2f454426647482 [2ms]
[2022-02-24T12:07:55.191Z] > git ls-files --stage -- /home/kylelamberton1/duo-task-1/app.py [3ms]
[2022-02-24T12:07:55.196Z] > git cat-file -s 7461eb811c5bcb54fc66fee5e86b1bd554c4dd5f [2ms]
[2022-02-24T12:08:14.984Z] > git ls-files --stage -- /home/kylelamberton1/duo-task-1/Dockerfile [3ms]
[2022-02-24T12:08:14.990Z] > git cat-file -s 59183c098286c1abf3bb57bd9f2f454426647482 [3ms]
[2022-02-24T12:08:48.306Z] > git ls-files --stage -- /home/kylelamberton1/duo-task-1/app.py [2ms]
[2022-02-24T12:08:48.311Z] > git cat-file -s 7461eb811c5bcb54fc66fee5e86b1bd554c4dd5f [1ms]
[2022-02-24T12:08:52.566Z] > git ls-files --stage -- /home/kylelamberton1/duo-task-1/Dockerfile [3ms]
[2022-02-24T12:08:52.570Z] > git cat-file -s 59183c098286c1abf3bb57bd9f2f454426647482 [1ms]
[2022-02-24T12:08:59.554Z] > git ls-files --stage -- /home/kylelamberton1/duo-task-1/Dockerfile [4ms]
[2022-02-24T12:08:59.558Z] > git cat-file -s 59183c098286c1abf3bb57bd9f2f454426647482 [1ms]
[2022-02-24T12:13:36.894Z] > git symbolic-ref --short HEAD [2ms]
[2022-02-24T12:13:36.899Z] > git for-each-ref --format=%(refname)%00%(upstream:short)%00%(objectname)%00%(upstream:track) refs/heads/master refs/remotes/master [2ms]
[2022-02-24T12:13:36.906Z] > git for-each-ref --sort -committerdate --format %(refname) %(objectname) %(*objectname) [4ms]
[2022-02-24T12:13:36.909Z] > git remote --verbose [3ms]
[2022-02-24T12:13:36.918Z] > git config --get commit.template [2ms]
[2022-02-24T12:13:42.617Z] > git ls-files --stage -- /home/kylelamberton1/duo-task-1/app.py [3ms]
[2022-02-24T12:13:42.621Z] > git cat-file -s 7461eb811c5bcb54fc66fee5e86b1bd554c4dd5f [1ms]
[2022-02-24T12:15:44.696Z] > git ls-files --stage -- /home/kylelamberton1/duo-task-1/requirements.txt [3ms]
[2022-02-24T12:15:44.704Z] > git cat-file -s 7deaf3b366b1d168e3d9b5f5b4a00b5e618e14f5 [2ms]
[2022-02-24T12:17:53.288Z] > git ls-files --stage -- /home/kylelamberton1/duo-task-1/Dockerfile [3ms]
[2022-02-24T12:17:53.292Z] > git cat-file -s 59183c098286c1abf3bb57bd9f2f454426647482 [1ms]
[2022-02-24T12:18:02.077Z] > git ls-files --stage -- /home/kylelamberton1/duo-task-1/requirements.txt [2ms]
[2022-02-24T12:18:02.082Z] > git cat-file -s 7deaf3b366b1d168e3d9b5f5b4a00b5e618e14f5 [2ms]
[2022-02-24T12:20:01.495Z] > git symbolic-ref --short HEAD [1ms]
[2022-02-24T12:20:01.500Z] > git for-each-ref --format=%(refname)%00%(upstream:short)%00%(objectname)%00%(upstream:track) refs/heads/master refs/remotes/master [1ms]
[2022-02-24T12:20:01.508Z] > git for-each-ref --sort -committerdate --format %(refname) %(objectname) %(*objectname) [5ms]
[2022-02-24T12:20:01.510Z] > git remote --verbose [3ms]
[2022-02-24T12:20:01.516Z] > git config --get commit.template [2ms]
[2022-02-24T12:20:32.612Z] > git symbolic-ref --short HEAD [2ms]
[2022-02-24T12:20:32.617Z] > git for-each-ref --format=%(refname)%00%(upstream:short)%00%(objectname)%00%(upstream:track) refs/heads/master refs/remotes/master [2ms]
[2022-02-24T12:20:32.624Z] > git for-each-ref --sort -committerdate --format %(refname) %(objectname) %(*objectname) [4ms]
[2022-02-24T12:20:32.626Z] > git remote --verbose [2ms]
[2022-02-24T12:20:32.632Z] > git config --get commit.template [1ms]
[2022-02-24T12:20:39.968Z] > git symbolic-ref --short HEAD [2ms]
[2022-02-24T12:20:39.972Z] > git for-each-ref --format=%(refname)%00%(upstream:short)%00%(objectname)%00%(upstream:track) refs/heads/master refs/remotes/master [1ms]
[2022-02-24T12:20:39.983Z] > git for-each-ref --sort -committerdate --format %(refname) %(objectname) %(*objectname) [5ms]
[2022-02-24T12:20:39.984Z] > git remote --verbose [2ms]
[2022-02-24T12:20:39.990Z] > git config --get commit.template [1ms]
[2022-02-24T12:21:53.708Z] > git ls-files --stage -- /home/kylelamberton1/duo-task-1/Dockerfile [3ms]
[2022-02-24T12:21:53.713Z] > git cat-file -s 59183c098286c1abf3bb57bd9f2f454426647482 [2ms]
[2022-02-24T12:22:27.813Z] > git symbolic-ref --short HEAD [1ms]
[2022-02-24T12:22:27.818Z] > git for-each-ref --format=%(refname)%00%(upstream:short)%00%(objectname)%00%(upstream:track) refs/heads/master refs/remotes/master [2ms]
[2022-02-24T12:22:27.825Z] > git for-each-ref --sort -committerdate --format %(refname) %(objectname) %(*objectname) [4ms]
[2022-02-24T12:22:27.827Z] > git remote --verbose [2ms]
[2022-02-24T12:22:27.836Z] > git config --get commit.template [2ms]
[2022-02-24T12:23:59.181Z] > git symbolic-ref --short HEAD [1ms]
[2022-02-24T12:23:59.186Z] > git for-each-ref --format=%(refname)%00%(upstream:short)%00%(objectname)%00%(upstream:track) refs/heads/master refs/remotes/master [2ms]
[2022-02-24T12:23:59.194Z] > git for-each-ref --sort -committerdate --format %(refname) %(objectname) %(*objectname) [5ms]
[2022-02-24T12:23:59.195Z] > git remote --verbose [2ms]
[2022-02-24T12:23:59.201Z] > git config --get commit.template [1ms]
[2022-02-24T12:25:11.593Z] > git ls-files --stage -- /home/kylelamberton1/duo-task-1/requirements.txt [3ms]
[2022-02-24T12:25:11.597Z] > git cat-file -s 7deaf3b366b1d168e3d9b5f5b4a00b5e618e14f5 [1ms]
[2022-02-24T12:25:15.224Z] > git ls-files --stage -- /home/kylelamberton1/duo-task-1/Dockerfile [3ms]
[2022-02-24T12:25:15.228Z] > git cat-file -s 59183c098286c1abf3bb57bd9f2f454426647482 [1ms]
[2022-02-24T12:25:17.094Z] > git ls-files --stage -- /home/kylelamberton1/duo-task-1/requirements.txt [2ms]
[2022-02-24T12:25:17.098Z] > git cat-file -s 7deaf3b366b1d168e3d9b5f5b4a00b5e618e14f5 [1ms]
[2022-02-24T12:25:23.923Z] > git ls-files --stage -- /home/kylelamberton1/duo-task-1/Dockerfile [2ms]
[2022-02-24T12:25:23.927Z] > git cat-file -s 59183c098286c1abf3bb57bd9f2f454426647482 [1ms]
[2022-02-24T12:26:55.778Z] > git ls-files --stage -- /home/kylelamberton1/duo-task-1/requirements.txt [2ms]
[2022-02-24T12:26:55.783Z] > git cat-file -s 7deaf3b366b1d168e3d9b5f5b4a00b5e618e14f5 [2ms]
[2022-02-24T12:27:02.520Z] > git ls-files --stage -- /home/kylelamberton1/duo-task-1/requirements.txt [2ms]
[2022-02-24T12:27:02.524Z] > git cat-file -s 7deaf3b366b1d168e3d9b5f5b4a00b5e618e14f5 [1ms]
[2022-02-24T12:27:42.129Z] > git ls-files --stage -- /home/kylelamberton1/duo-task-1/Dockerfile [3ms]
[2022-02-24T12:27:42.133Z] > git cat-file -s 59183c098286c1abf3bb57bd9f2f454426647482 [1ms]
[2022-02-24T12:27:44.338Z] > git ls-files --stage -- /home/kylelamberton1/duo-task-1/requirements.txt [3ms]
[2022-02-24T12:27:44.342Z] > git cat-file -s 7deaf3b366b1d168e3d9b5f5b4a00b5e618e14f5 [1ms]
[2022-02-24T12:27:45.891Z] > git ls-files --stage -- /home/kylelamberton1/duo-task-1/Dockerfile [2ms]
[2022-02-24T12:27:45.896Z] > git cat-file -s 59183c098286c1abf3bb57bd9f2f454426647482 [1ms]
[2022-02-24T12:31:14.967Z] > git ls-files --stage -- /home/kylelamberton1/duo-task-1/requirements.txt [2ms]
[2022-02-24T12:31:14.971Z] > git cat-file -s 7deaf3b366b1d168e3d9b5f5b4a00b5e618e14f5 [1ms]
[2022-02-24T12:33:19.394Z] > git clone https://gitlab.com/qacdevops/duo-task.git /home/kylelamberton1/duo-task --progress [523ms]
[2022-02-24T12:33:19.394Z] Cloning into '/home/kylelamberton1/duo-task'...
remote: Enumerating objects: 38, done.        
remote: Total 38 (delta 0), reused 0 (delta 0), pack-reused 38        
[2022-02-24T12:33:20.481Z] > git symbolic-ref --short HEAD [2ms]
[2022-02-24T12:33:20.486Z] > git for-each-ref --format=%(refname)%00%(upstream:short)%00%(objectname)%00%(upstream:track) refs/heads/master refs/remotes/master [2ms]
[2022-02-24T12:33:20.494Z] > git for-each-ref --sort -committerdate --format %(refname) %(objectname) %(*objectname) [5ms]
[2022-02-24T12:33:20.495Z] > git remote --verbose [2ms]
[2022-02-24T12:33:20.503Z] > git config --get commit.template [1ms]
[2022-02-24T12:33:44.511Z] > git ls-files --stage -- /home/kylelamberton1/duo-task/requirements.txt [2ms]
[2022-02-24T12:33:44.516Z] > git cat-file -s 7deaf3b366b1d168e3d9b5f5b4a00b5e618e14f5 [2ms]
[2022-02-24T12:33:52.735Z] > git symbolic-ref --short HEAD [3ms]
[2022-02-24T12:33:52.739Z] > git for-each-ref --format=%(refname)%00%(upstream:short)%00%(objectname)%00%(upstream:track) refs/heads/master refs/remotes/master [1ms]
[2022-02-24T12:33:52.747Z] > git for-each-ref --sort -committerdate --format %(refname) %(objectname) %(*objectname) [5ms]
[2022-02-24T12:33:52.748Z] > git remote --verbose [2ms]
[2022-02-24T12:33:52.755Z] > git config --get commit.template [1ms]
[2022-02-24T12:33:55.827Z] > git ls-files --stage -- /home/kylelamberton1/duo-task/Dockerfile [4ms]
[2022-02-24T12:33:55.832Z] > git cat-file -s 59183c098286c1abf3bb57bd9f2f454426647482 [2ms]
[2022-02-24T12:36:58.933Z] > git symbolic-ref --short HEAD [2ms]
[2022-02-24T12:36:58.938Z] > git for-each-ref --format=%(refname)%00%(upstream:short)%00%(objectname)%00%(upstream:track) refs/heads/master refs/remotes/master [2ms]
[2022-02-24T12:36:58.946Z] > git for-each-ref --sort -committerdate --format %(refname) %(objectname) %(*objectname) [4ms]
[2022-02-24T12:36:58.948Z] > git remote --verbose [2ms]
[2022-02-24T12:36:58.956Z] > git config --get commit.template [1ms]
[2022-02-24T12:37:02.181Z] > git ls-files --stage -- /home/kylelamberton1/duo-task/app.py [2ms]
[2022-02-24T12:37:02.186Z] > git cat-file -s 7461eb811c5bcb54fc66fee5e86b1bd554c4dd5f [2ms]
[2022-02-24T12:37:14.381Z] > git ls-files --stage -- /home/kylelamberton1/duo-task/Dockerfile [3ms]
[2022-02-24T12:37:14.386Z] > git cat-file -s 59183c098286c1abf3bb57bd9f2f454426647482 [2ms]
[2022-02-24T12:37:16.101Z] > git ls-files --stage -- /home/kylelamberton1/duo-task/requirements.txt [2ms]
[2022-02-24T12:37:16.106Z] > git cat-file -s 7deaf3b366b1d168e3d9b5f5b4a00b5e618e14f5 [2ms]
[2022-02-24T12:42:04.625Z] > git ls-files --stage -- /home/kylelamberton1/duo-task/Dockerfile [9ms]
[2022-02-24T12:42:04.631Z] > git cat-file -s 59183c098286c1abf3bb57bd9f2f454426647482 [2ms]
[2022-02-24T12:42:06.677Z] > git ls-files --stage -- /home/kylelamberton1/duo-task/requirements.txt [2ms]
[2022-02-24T12:42:06.683Z] > git cat-file -s 7deaf3b366b1d168e3d9b5f5b4a00b5e618e14f5 [3ms]
[2022-02-24T12:42:58.193Z] > git ls-files --stage -- /home/kylelamberton1/duo-task/Dockerfile [3ms]
[2022-02-24T12:42:58.197Z] > git cat-file -s 59183c098286c1abf3bb57bd9f2f454426647482 [1ms]
[2022-02-24T12:43:03.721Z] > git ls-files --stage -- /home/kylelamberton1/duo-task/app.py [2ms]
[2022-02-24T12:43:03.731Z] > git cat-file -s 7461eb811c5bcb54fc66fee5e86b1bd554c4dd5f [7ms]
[2022-02-24T12:43:07.675Z] > git ls-files --stage -- /home/kylelamberton1/duo-task/Dockerfile [3ms]
[2022-02-24T12:43:07.679Z] > git cat-file -s 59183c098286c1abf3bb57bd9f2f454426647482 [1ms]
[2022-02-24T12:43:12.221Z] > git ls-files --stage -- /home/kylelamberton1/duo-task/README.md [178ms]
[2022-02-24T12:43:12.269Z] > git cat-file -s 13e99ff01c75a56bdaf07f633042580db45be657 [38ms]
[2022-02-24T12:43:15.603Z] > git ls-files --stage -- /home/kylelamberton1/duo-task/requirements.txt [2ms]
[2022-02-24T12:43:15.608Z] > git cat-file -s 7deaf3b366b1d168e3d9b5f5b4a00b5e618e14f5 [2ms]
[2022-02-24T12:43:16.991Z] > git ls-files --stage -- /home/kylelamberton1/duo-task/nginx.conf [3ms]
[2022-02-24T12:43:16.996Z] > git cat-file -s 7211f007680a6b2918d94a3b6f6831455c20ed10 [1ms]
[2022-02-24T12:43:19.746Z] > git ls-files --stage -- /home/kylelamberton1/duo-task/Dockerfile [3ms]
[2022-02-24T12:43:19.750Z] > git cat-file -s 59183c098286c1abf3bb57bd9f2f454426647482 [1ms]
[2022-02-24T12:43:26.385Z] > git ls-files --stage -- /home/kylelamberton1/duo-task/app.py [3ms]
[2022-02-24T12:43:26.391Z] > git cat-file -s 7461eb811c5bcb54fc66fee5e86b1bd554c4dd5f [2ms]
[2022-02-24T12:46:15.466Z] > git ls-files --stage -- /home/kylelamberton1/duo-task/Dockerfile [3ms]
[2022-02-24T12:46:15.470Z] > git cat-file -s 59183c098286c1abf3bb57bd9f2f454426647482 [1ms]
[2022-02-24T12:48:15.742Z] > git symbolic-ref --short HEAD [1ms]
[2022-02-24T12:48:15.748Z] > git for-each-ref --format=%(refname)%00%(upstream:short)%00%(objectname)%00%(upstream:track) refs/heads/master refs/remotes/master [2ms]
[2022-02-24T12:48:15.756Z] > git for-each-ref --sort -committerdate --format %(refname) %(objectname) %(*objectname) [5ms]
[2022-02-24T12:48:15.766Z] > git remote --verbose [10ms]
[2022-02-24T12:48:15.774Z] > git config --get commit.template [1ms]
[2022-02-24T12:49:01.770Z] > git symbolic-ref --short HEAD [2ms]
[2022-02-24T12:49:01.775Z] > git for-each-ref --format=%(refname)%00%(upstream:short)%00%(objectname)%00%(upstream:track) refs/heads/master refs/remotes/master [1ms]
[2022-02-24T12:49:01.783Z] > git for-each-ref --sort -committerdate --format %(refname) %(objectname) %(*objectname) [5ms]
[2022-02-24T12:49:01.784Z] > git remote --verbose [2ms]
[2022-02-24T12:49:01.790Z] > git config --get commit.template [1ms]
