[2022-03-02T09:52:26.256Z] Validating found git in: git
[2022-03-02T09:52:26.393Z] Using git 2.25.1 from git
[2022-03-02T09:52:26.527Z] > git rev-parse --git-dir [9ms]
[2022-03-02T09:52:26.533Z] Open repository: /home/kylelamberton1/duo-task
[2022-03-02T09:52:26.597Z] > git symbolic-ref --short HEAD [6ms]
[2022-03-02T09:52:26.625Z] > git for-each-ref --format=%(refname)%00%(upstream:short)%00%(objectname)%00%(upstream:track) refs/heads/master refs/remotes/master [22ms]
[2022-03-02T09:52:26.636Z] > git for-each-ref --sort -committerdate --format %(refname) %(objectname) %(*objectname) [6ms]
[2022-03-02T09:52:26.643Z] > git remote --verbose [10ms]
[2022-03-02T09:52:26.655Z] > git config --get commit.template [5ms]
[2022-03-02T09:52:26.688Z] > git rev-parse --git-dir [7ms]
[2022-03-02T09:52:26.690Z] Open repository: /home/kylelamberton1/multi-stage-build-exercise
[2022-03-02T09:52:26.719Z] > git symbolic-ref --short HEAD [4ms]
[2022-03-02T09:52:26.724Z] > git for-each-ref --format=%(refname)%00%(upstream:short)%00%(objectname)%00%(upstream:track) refs/heads/master refs/remotes/master [2ms]
[2022-03-02T09:52:26.732Z] > git for-each-ref --sort -committerdate --format %(refname) %(objectname) %(*objectname) [5ms]
[2022-03-02T09:52:26.734Z] > git remote --verbose [3ms]
[2022-03-02T09:52:26.741Z] > git config --get commit.template [2ms]
[2022-03-02T09:52:27.151Z] > git ls-files --stage -- /home/kylelamberton1/duo-task/flask-app/Dockerfile [6ms]
[2022-03-02T11:18:09.256Z] > git ls-files --stage -- /home/kylelamberton1/duo-task/nginx/nginx.conf [4ms]
[2022-03-02T11:18:13.053Z] > git ls-files --stage -- /home/kylelamberton1/duo-task/docker-compose.yaml [4ms]
[2022-03-02T11:18:19.754Z] > git ls-files --stage -- /home/kylelamberton1/duo-task/flask-app/app.py [6ms]
[2022-03-02T11:19:26.975Z] > git ls-files --stage -- /home/kylelamberton1/duo-task/docker-compose.yaml [2ms]
[2022-03-02T11:19:32.876Z] > git ls-files --stage -- /home/kylelamberton1/duo-task/flask-app/Dockerfile [2ms]
[2022-03-02T11:22:12.197Z] > git ls-files --stage -- /home/kylelamberton1/duo-task/nginx/nginx.conf [3ms]
[2022-03-02T11:22:57.019Z] > git ls-files --stage -- /home/kylelamberton1/duo-task/flask-app/Dockerfile [2ms]
[2022-03-02T11:50:04.351Z] > git ls-files --stage -- /home/kylelamberton1/duo-task/nginx/nginx.conf [4ms]
[2022-03-02T11:50:05.069Z] > git ls-files --stage -- /home/kylelamberton1/duo-task/docker-compose.yaml [12ms]
[2022-03-02T12:40:40.357Z] > git ls-files --stage -- /home/kylelamberton1/duo-task/requirements.txt [15ms]
[2022-03-02T12:40:40.378Z] > git cat-file -s 7deaf3b366b1d168e3d9b5f5b4a00b5e618e14f5 [10ms]
[2022-03-02T12:40:41.673Z] > git ls-files --stage -- /home/kylelamberton1/duo-task/README.md [153ms]
[2022-03-02T12:40:41.720Z] > git cat-file -s 13e99ff01c75a56bdaf07f633042580db45be657 [17ms]
[2022-03-02T12:40:42.096Z] > git ls-files --stage -- /home/kylelamberton1/duo-task/docker-compose.yaml [2ms]
[2022-03-02T12:40:43.719Z] > git ls-files --stage -- /home/kylelamberton1/duo-task/nginx/nginx.conf [8ms]
[2022-03-02T12:40:45.943Z] > git ls-files --stage -- /home/kylelamberton1/duo-task/flask-app/Dockerfile [5ms]
