[2022-03-01T13:00:01.366Z] Validating found git in: git
[2022-03-01T13:00:01.398Z] Using git 2.25.1 from git
[2022-03-01T13:00:01.559Z] > git rev-parse --git-dir [4ms]
[2022-03-01T13:00:01.565Z] Open repository: /home/kylelamberton1/duo-task
[2022-03-01T13:00:01.584Z] > git symbolic-ref --short HEAD [5ms]
[2022-03-01T13:00:01.591Z] > git rev-parse --git-dir [8ms]
[2022-03-01T13:00:01.594Z] Open repository: /home/kylelamberton1/multi-stage-build-exercise
[2022-03-01T13:00:01.605Z] > git for-each-ref --format=%(refname)%00%(upstream:short)%00%(objectname)%00%(upstream:track) refs/heads/master refs/remotes/master [17ms]
[2022-03-01T13:00:01.613Z] > git for-each-ref --sort -committerdate --format %(refname) %(objectname) %(*objectname) [5ms]
[2022-03-01T13:00:01.614Z] > git symbolic-ref --short HEAD [9ms]
[2022-03-01T13:00:01.618Z] > git remote --verbose [6ms]
[2022-03-01T13:00:01.631Z] > git for-each-ref --format=%(refname)%00%(upstream:short)%00%(objectname)%00%(upstream:track) refs/heads/master refs/remotes/master [14ms]
[2022-03-01T13:00:01.638Z] > git for-each-ref --sort -committerdate --format %(refname) %(objectname) %(*objectname) [4ms]
[2022-03-01T13:00:01.638Z] > git config --get commit.template [13ms]
[2022-03-01T13:00:01.643Z] > git remote --verbose [6ms]
[2022-03-01T13:00:01.651Z] > git config --get commit.template [4ms]
[2022-03-01T14:18:01.591Z] > git ls-files --stage -- /home/kylelamberton1/duo-task/Dockerfile [2ms]
[2022-03-01T14:18:01.596Z] > git cat-file -s 59183c098286c1abf3bb57bd9f2f454426647482 [2ms]
[2022-03-01T14:20:09.236Z] > git ls-files --stage -- /home/kylelamberton1/duo-task/nginx.conf [2ms]
[2022-03-01T14:20:09.241Z] > git cat-file -s 7211f007680a6b2918d94a3b6f6831455c20ed10 [2ms]
[2022-03-01T14:20:12.016Z] > git ls-files --stage -- /home/kylelamberton1/duo-task/Dockerfile [2ms]
[2022-03-01T14:20:12.021Z] > git cat-file -s 59183c098286c1abf3bb57bd9f2f454426647482 [2ms]
[2022-03-01T14:20:15.621Z] > git ls-files --stage -- /home/kylelamberton1/duo-task/README.md [212ms]
[2022-03-01T14:20:15.627Z] > git cat-file -s 13e99ff01c75a56bdaf07f633042580db45be657 [2ms]
[2022-03-01T14:21:35.747Z] > git rev-parse --git-dir [2ms]
[2022-03-01T14:21:35.752Z] Open repository: /home/kylelamberton1/duo-task1
[2022-03-01T14:21:35.767Z] > git symbolic-ref --short HEAD [6ms]
[2022-03-01T14:21:35.771Z] > git for-each-ref --format=%(refname)%00%(upstream:short)%00%(objectname)%00%(upstream:track) refs/heads/master refs/remotes/master [1ms]
[2022-03-01T14:21:35.779Z] > git for-each-ref --sort -committerdate --format %(refname) %(objectname) %(*objectname) [5ms]
[2022-03-01T14:21:35.782Z] > git remote --verbose [4ms]
[2022-03-01T14:21:35.789Z] > git config --get commit.template [1ms]
[2022-03-01T14:21:36.512Z] > git ls-files --stage -- /home/kylelamberton1/duo-task/README.md [3ms]
[2022-03-01T14:21:36.516Z] > git cat-file -s 13e99ff01c75a56bdaf07f633042580db45be657 [1ms]
[2022-03-01T14:21:37.096Z] > git symbolic-ref --short HEAD [2ms]
[2022-03-01T14:21:37.102Z] > git for-each-ref --format=%(refname)%00%(upstream:short)%00%(objectname)%00%(upstream:track) refs/heads/master refs/remotes/master [3ms]
[2022-03-01T14:21:37.109Z] > git for-each-ref --sort -committerdate --format %(refname) %(objectname) %(*objectname) [4ms]
[2022-03-01T14:21:37.110Z] > git remote --verbose [2ms]
[2022-03-01T14:21:37.116Z] > git config --get commit.template [1ms]
[2022-03-01T14:22:00.020Z] > git ls-files --stage -- /home/kylelamberton1/duo-task/requirements.txt [3ms]
[2022-03-01T14:22:00.031Z] > git cat-file -s 7deaf3b366b1d168e3d9b5f5b4a00b5e618e14f5 [4ms]
[2022-03-01T14:22:02.655Z] > git ls-files --stage -- /home/kylelamberton1/duo-task/README.md [3ms]
[2022-03-01T14:22:02.659Z] > git cat-file -s 13e99ff01c75a56bdaf07f633042580db45be657 [1ms]
[2022-03-01T14:22:03.271Z] > git ls-files --stage -- /home/kylelamberton1/duo-task/nginx.conf [4ms]
[2022-03-01T14:22:03.275Z] > git cat-file -s 7211f007680a6b2918d94a3b6f6831455c20ed10 [2ms]
[2022-03-01T14:22:04.462Z] > git ls-files --stage -- /home/kylelamberton1/duo-task/Dockerfile [3ms]
[2022-03-01T14:22:04.466Z] > git cat-file -s 59183c098286c1abf3bb57bd9f2f454426647482 [1ms]
[2022-03-01T14:25:47.315Z] > git ls-files --stage -- /home/kylelamberton1/duo-task/nginx.conf [3ms]
[2022-03-01T14:25:47.319Z] > git cat-file -s 7211f007680a6b2918d94a3b6f6831455c20ed10 [1ms]
[2022-03-01T14:25:48.291Z] > git symbolic-ref --short HEAD [1ms]
[2022-03-01T14:25:48.296Z] > git for-each-ref --format=%(refname)%00%(upstream:short)%00%(objectname)%00%(upstream:track) refs/heads/master refs/remotes/master [2ms]
[2022-03-01T14:25:48.303Z] > git for-each-ref --sort -committerdate --format %(refname) %(objectname) %(*objectname) [4ms]
[2022-03-01T14:25:48.305Z] > git remote --verbose [2ms]
[2022-03-01T14:25:48.311Z] > git config --get commit.template [1ms]
[2022-03-01T14:25:52.436Z] > git ls-files --stage -- /home/kylelamberton1/duo-task/nginx/nginx.conf [10ms]
[2022-03-01T14:25:53.326Z] > git symbolic-ref --short HEAD [4ms]
[2022-03-01T14:25:53.331Z] > git for-each-ref --format=%(refname)%00%(upstream:short)%00%(objectname)%00%(upstream:track) refs/heads/master refs/remotes/master [2ms]
[2022-03-01T14:25:53.338Z] > git for-each-ref --sort -committerdate --format %(refname) %(objectname) %(*objectname) [4ms]
[2022-03-01T14:25:53.340Z] > git remote --verbose [3ms]
[2022-03-01T14:25:53.346Z] > git config --get commit.template [2ms]
[2022-03-01T14:26:10.823Z] > git symbolic-ref --short HEAD [2ms]
[2022-03-01T14:26:10.827Z] > git for-each-ref --format=%(refname)%00%(upstream:short)%00%(objectname)%00%(upstream:track) refs/heads/master refs/remotes/master [1ms]
[2022-03-01T14:26:10.836Z] > git for-each-ref --sort -committerdate --format %(refname) %(objectname) %(*objectname) [6ms]
[2022-03-01T14:26:10.837Z] > git remote --verbose [2ms]
[2022-03-01T14:26:10.843Z] > git config --get commit.template [1ms]
[2022-03-01T14:26:17.004Z] > git symbolic-ref --short HEAD [1ms]
[2022-03-01T14:26:17.009Z] > git for-each-ref --format=%(refname)%00%(upstream:short)%00%(objectname)%00%(upstream:track) refs/heads/master refs/remotes/master [2ms]
[2022-03-01T14:26:17.016Z] > git for-each-ref --sort -committerdate --format %(refname) %(objectname) %(*objectname) [4ms]
[2022-03-01T14:26:17.018Z] > git remote --verbose [2ms]
[2022-03-01T14:26:17.023Z] > git config --get commit.template [1ms]
[2022-03-01T14:26:22.269Z] > git symbolic-ref --short HEAD [2ms]
[2022-03-01T14:26:22.273Z] > git for-each-ref --format=%(refname)%00%(upstream:short)%00%(objectname)%00%(upstream:track) refs/heads/master refs/remotes/master [1ms]
[2022-03-01T14:26:22.280Z] > git for-each-ref --sort -committerdate --format %(refname) %(objectname) %(*objectname) [4ms]
[2022-03-01T14:26:22.282Z] > git remote --verbose [2ms]
[2022-03-01T14:26:22.288Z] > git config --get commit.template [2ms]
[2022-03-01T14:26:26.419Z] > git ls-files --stage -- /home/kylelamberton1/duo-task/flask-app/Dockerfile [2ms]
[2022-03-01T14:27:33.640Z] > git ls-files --stage -- /home/kylelamberton1/duo-task/duo-task.yaml [3ms]
[2022-03-01T14:27:34.321Z] > git symbolic-ref --short HEAD [2ms]
[2022-03-01T14:27:34.329Z] > git for-each-ref --format=%(refname)%00%(upstream:short)%00%(objectname)%00%(upstream:track) refs/heads/master refs/remotes/master [2ms]
[2022-03-01T14:27:34.336Z] > git for-each-ref --sort -committerdate --format %(refname) %(objectname) %(*objectname) [5ms]
[2022-03-01T14:27:34.338Z] > git remote --verbose [3ms]
[2022-03-01T14:27:34.343Z] > git config --get commit.template [1ms]
[2022-03-01T14:29:11.765Z] > git ls-files --stage -- /home/kylelamberton1/duo-task/flask-app/Dockerfile [2ms]
[2022-03-01T14:29:12.577Z] > git symbolic-ref --short HEAD [2ms]
[2022-03-01T14:29:12.582Z] > git for-each-ref --format=%(refname)%00%(upstream:short)%00%(objectname)%00%(upstream:track) refs/heads/master refs/remotes/master [2ms]
[2022-03-01T14:29:12.590Z] > git for-each-ref --sort -committerdate --format %(refname) %(objectname) %(*objectname) [4ms]
[2022-03-01T14:29:12.592Z] > git remote --verbose [3ms]
[2022-03-01T14:29:12.597Z] > git config --get commit.template [1ms]
[2022-03-01T14:30:03.859Z] > git ls-files --stage -- /home/kylelamberton1/duo-task/docker-compose.yaml [2ms]
[2022-03-01T14:30:04.578Z] > git symbolic-ref --short HEAD [2ms]
[2022-03-01T14:30:04.582Z] > git for-each-ref --format=%(refname)%00%(upstream:short)%00%(objectname)%00%(upstream:track) refs/heads/master refs/remotes/master [2ms]
[2022-03-01T14:30:04.590Z] > git for-each-ref --sort -committerdate --format %(refname) %(objectname) %(*objectname) [5ms]
[2022-03-01T14:30:04.592Z] > git remote --verbose [3ms]
[2022-03-01T14:30:04.599Z] > git config --get commit.template [1ms]
[2022-03-01T14:30:18.192Z] > git ls-files --stage -- /home/kylelamberton1/duo-task/nginx/nginx.conf [2ms]
[2022-03-01T14:30:57.135Z] > git ls-files --stage -- /home/kylelamberton1/duo-task/nginx/nginx.conf [2ms]
[2022-03-01T14:31:09.121Z] > git ls-files --stage -- /home/kylelamberton1/duo-task/nginx/nginx.conf [2ms]
[2022-03-01T14:31:16.378Z] > git ls-files --stage -- /home/kylelamberton1/duo-task/nginx/nginx.conf [3ms]
[2022-03-01T14:31:47.788Z] > git ls-files --stage -- /home/kylelamberton1/duo-task/docker-compose.yaml [3ms]
[2022-03-01T14:32:04.719Z] > git ls-files --stage -- /home/kylelamberton1/duo-task/nginx/nginx.conf [2ms]
[2022-03-01T14:32:07.231Z] > git ls-files --stage -- /home/kylelamberton1/duo-task/docker-compose.yaml [2ms]
[2022-03-01T14:32:09.817Z] > git ls-files --stage -- /home/kylelamberton1/duo-task/docker-compose.yaml [2ms]
[2022-03-01T14:32:29.051Z] > git ls-files --stage -- /home/kylelamberton1/duo-task/nginx/nginx.conf [2ms]
[2022-03-01T14:32:32.421Z] > git ls-files --stage -- /home/kylelamberton1/duo-task/docker-compose.yaml [2ms]
[2022-03-01T14:32:35.568Z] > git ls-files --stage -- /home/kylelamberton1/duo-task/nginx/nginx.conf [2ms]
[2022-03-01T14:32:37.969Z] > git ls-files --stage -- /home/kylelamberton1/duo-task/docker-compose.yaml [2ms]
[2022-03-01T14:33:14.647Z] > git ls-files --stage -- /home/kylelamberton1/duo-task/docker-compose.yaml [3ms]
[2022-03-01T14:33:19.138Z] > git ls-files --stage -- /home/kylelamberton1/duo-task/nginx/nginx.conf [3ms]
[2022-03-01T14:33:22.026Z] > git ls-files --stage -- /home/kylelamberton1/duo-task/docker-compose.yaml [2ms]
[2022-03-01T14:33:31.008Z] > git symbolic-ref --short HEAD [1ms]
[2022-03-01T14:33:31.013Z] > git for-each-ref --format=%(refname)%00%(upstream:short)%00%(objectname)%00%(upstream:track) refs/heads/master refs/remotes/master [2ms]
[2022-03-01T14:33:31.020Z] > git for-each-ref --sort -committerdate --format %(refname) %(objectname) %(*objectname) [4ms]
[2022-03-01T14:33:31.022Z] > git remote --verbose [2ms]
[2022-03-01T14:33:31.028Z] > git config --get commit.template [2ms]
[2022-03-01T14:34:10.106Z] > git symbolic-ref --short HEAD [2ms]
[2022-03-01T14:34:10.110Z] > git for-each-ref --format=%(refname)%00%(upstream:short)%00%(objectname)%00%(upstream:track) refs/heads/master refs/remotes/master [2ms]
[2022-03-01T14:34:10.118Z] > git for-each-ref --sort -committerdate --format %(refname) %(objectname) %(*objectname) [5ms]
[2022-03-01T14:34:10.119Z] > git remote --verbose [2ms]
[2022-03-01T14:34:10.125Z] > git config --get commit.template [1ms]
[2022-03-01T14:36:41.349Z] > git ls-files --stage -- /home/kylelamberton1/duo-task/nginx/nginx.conf [9ms]
[2022-03-01T14:36:42.686Z] > git ls-files --stage -- /home/kylelamberton1/duo-task/docker-compose.yaml [2ms]
[2022-03-01T14:36:44.424Z] > git ls-files --stage -- /home/kylelamberton1/duo-task/nginx/nginx.conf [2ms]
[2022-03-01T14:36:51.342Z] > git ls-files --stage -- /home/kylelamberton1/duo-task/flask-app/app.py [2ms]
[2022-03-01T14:36:58.603Z] > git ls-files --stage -- /home/kylelamberton1/duo-task/docker-compose.yaml [2ms]
[2022-03-01T14:37:15.232Z] > git ls-files --stage -- /home/kylelamberton1/duo-task/flask-app/Dockerfile [3ms]
[2022-03-01T14:37:54.994Z] > git ls-files --stage -- /home/kylelamberton1/duo-task/requirements.txt [5ms]
[2022-03-01T14:37:54.998Z] > git cat-file -s 7deaf3b366b1d168e3d9b5f5b4a00b5e618e14f5 [1ms]
[2022-03-01T14:37:58.966Z] > git ls-files --stage -- /home/kylelamberton1/duo-task/flask-app/Dockerfile [3ms]
[2022-03-01T14:38:00.371Z] > git ls-files --stage -- /home/kylelamberton1/duo-task/flask-app/app.py [3ms]
[2022-03-01T14:44:28.976Z] > git ls-files --stage -- /home/kylelamberton1/duo-task/nginx/nginx.conf [3ms]
[2022-03-01T14:44:50.503Z] > git ls-files --stage -- /home/kylelamberton1/duo-task/nginx/nginx.conf [3ms]
[2022-03-01T14:44:54.579Z] > git ls-files --stage -- /home/kylelamberton1/duo-task/docker-compose.yaml [2ms]
[2022-03-01T14:45:07.011Z] > git ls-files --stage -- /home/kylelamberton1/duo-task/requirements.txt [2ms]
[2022-03-01T14:45:07.015Z] > git cat-file -s 7deaf3b366b1d168e3d9b5f5b4a00b5e618e14f5 [1ms]
[2022-03-01T14:45:18.012Z] > git ls-files --stage -- /home/kylelamberton1/duo-task/README.md [2ms]
[2022-03-01T14:45:18.018Z] > git cat-file -s 13e99ff01c75a56bdaf07f633042580db45be657 [3ms]
[2022-03-01T14:45:20.570Z] > git ls-files --stage -- /home/kylelamberton1/duo-task/docker-compose.yaml [4ms]
[2022-03-01T14:45:22.416Z] > git ls-files --stage -- /home/kylelamberton1/duo-task/nginx/nginx.conf [3ms]
[2022-03-01T14:45:27.336Z] > git ls-files --stage -- /home/kylelamberton1/duo-task/docker-compose.yaml [2ms]
[2022-03-01T14:45:35.579Z] > git ls-files --stage -- /home/kylelamberton1/duo-task/requirements.txt [3ms]
[2022-03-01T14:45:35.583Z] > git cat-file -s 7deaf3b366b1d168e3d9b5f5b4a00b5e618e14f5 [1ms]
[2022-03-01T14:46:07.465Z] > git ls-files --stage -- /home/kylelamberton1/duo-task/docker-compose.yaml [2ms]
[2022-03-01T14:46:08.294Z] > git symbolic-ref --short HEAD [1ms]
[2022-03-01T14:46:08.299Z] > git for-each-ref --format=%(refname)%00%(upstream:short)%00%(objectname)%00%(upstream:track) refs/heads/master refs/remotes/master [2ms]
[2022-03-01T14:46:08.306Z] > git for-each-ref --sort -committerdate --format %(refname) %(objectname) %(*objectname) [4ms]
[2022-03-01T14:46:08.307Z] > git remote --verbose [2ms]
[2022-03-01T14:46:08.313Z] > git config --get commit.template [1ms]
[2022-03-01T14:49:17.634Z] > git ls-files --stage -- /home/kylelamberton1/duo-task/requirements.txt [3ms]
[2022-03-01T14:49:17.639Z] > git cat-file -s 7deaf3b366b1d168e3d9b5f5b4a00b5e618e14f5 [2ms]
[2022-03-01T14:49:18.299Z] > git symbolic-ref --short HEAD [1ms]
[2022-03-01T14:49:18.304Z] > git for-each-ref --format=%(refname)%00%(upstream:short)%00%(objectname)%00%(upstream:track) refs/heads/master refs/remotes/master [2ms]
[2022-03-01T14:49:18.311Z] > git for-each-ref --sort -committerdate --format %(refname) %(objectname) %(*objectname) [4ms]
[2022-03-01T14:49:18.313Z] > git remote --verbose [2ms]
[2022-03-01T14:49:18.319Z] > git config --get commit.template [2ms]
[2022-03-01T14:49:29.922Z] > git symbolic-ref --short HEAD [2ms]
[2022-03-01T14:49:29.927Z] > git for-each-ref --format=%(refname)%00%(upstream:short)%00%(objectname)%00%(upstream:track) refs/heads/master refs/remotes/master [2ms]
[2022-03-01T14:49:29.934Z] > git for-each-ref --sort -committerdate --format %(refname) %(objectname) %(*objectname) [4ms]
[2022-03-01T14:49:29.936Z] > git remote --verbose [3ms]
[2022-03-01T14:49:29.941Z] > git config --get commit.template [1ms]
[2022-03-01T14:49:50.055Z] > git symbolic-ref --short HEAD [1ms]
[2022-03-01T14:49:50.060Z] > git for-each-ref --format=%(refname)%00%(upstream:short)%00%(objectname)%00%(upstream:track) refs/heads/master refs/remotes/master [2ms]
[2022-03-01T14:49:50.067Z] > git for-each-ref --sort -committerdate --format %(refname) %(objectname) %(*objectname) [4ms]
[2022-03-01T14:49:50.069Z] > git remote --verbose [2ms]
[2022-03-01T14:49:50.075Z] > git config --get commit.template [1ms]
[2022-03-01T14:50:02.480Z] > git symbolic-ref --short HEAD [1ms]
[2022-03-01T14:50:02.485Z] > git for-each-ref --format=%(refname)%00%(upstream:short)%00%(objectname)%00%(upstream:track) refs/heads/master refs/remotes/master [2ms]
[2022-03-01T14:50:02.492Z] > git for-each-ref --sort -committerdate --format %(refname) %(objectname) %(*objectname) [4ms]
[2022-03-01T14:50:02.494Z] > git remote --verbose [2ms]
[2022-03-01T14:50:02.500Z] > git config --get commit.template [2ms]
[2022-03-01T14:52:44.352Z] > git ls-files --stage -- /home/kylelamberton1/duo-task/docker-compose.yaml [2ms]
[2022-03-01T14:52:50.127Z] > git ls-files --stage -- /home/kylelamberton1/duo-task/flask-app/app.py [3ms]
[2022-03-01T14:52:52.512Z] > git ls-files --stage -- /home/kylelamberton1/duo-task/flask-app/Dockerfile [2ms]
[2022-03-01T14:53:49.680Z] > git ls-files --stage -- /home/kylelamberton1/duo-task/flask-app/Dockerfile [2ms]
[2022-03-01T14:53:58.741Z] > git ls-files --stage -- /home/kylelamberton1/duo-task/flask-app/Dockerfile [2ms]
[2022-03-01T14:54:03.552Z] > git ls-files --stage -- /home/kylelamberton1/duo-task/flask-app/Dockerfile [2ms]
[2022-03-01T14:54:11.252Z] > git ls-files --stage -- /home/kylelamberton1/duo-task/flask-app/Dockerfile [2ms]
[2022-03-01T14:54:21.769Z] > git ls-files --stage -- /home/kylelamberton1/duo-task/flask-app/Dockerfile [2ms]
[2022-03-01T14:54:37.718Z] > git ls-files --stage -- /home/kylelamberton1/duo-task/flask-app/Dockerfile [2ms]
[2022-03-01T14:54:50.256Z] > git ls-files --stage -- /home/kylelamberton1/duo-task/flask-app/Dockerfile [3ms]
[2022-03-01T14:55:00.644Z] > git ls-files --stage -- /home/kylelamberton1/duo-task/flask-app/Dockerfile [2ms]
[2022-03-01T14:55:09.673Z] > git symbolic-ref --short HEAD [2ms]
[2022-03-01T14:55:09.677Z] > git for-each-ref --format=%(refname)%00%(upstream:short)%00%(objectname)%00%(upstream:track) refs/heads/master refs/remotes/master [1ms]
[2022-03-01T14:55:09.684Z] > git for-each-ref --sort -committerdate --format %(refname) %(objectname) %(*objectname) [4ms]
[2022-03-01T14:55:09.686Z] > git remote --verbose [2ms]
[2022-03-01T14:55:09.693Z] > git config --get commit.template [1ms]
[2022-03-01T14:55:13.588Z] > git ls-files --stage -- /home/kylelamberton1/duo-task/flask-app/Dockerfile [3ms]
[2022-03-01T14:55:21.254Z] > git ls-files --stage -- /home/kylelamberton1/duo-task/flask-app/Dockerfile [6ms]
[2022-03-01T14:55:42.378Z] > git ls-files --stage -- /home/kylelamberton1/duo-task/flask-app/Dockerfile [2ms]
